[33m▲ [43;33m[[43;30mWARNING[43;33m][0m [1mScheduled Workers are not automatically triggered during local development.[0m

  To manually trigger a scheduled event, run:
    curl "http://127.0.0.1:8797/cdn-cgi/handler/scheduled"
  For more details, see [4mhttps://developers.cloudflare.com/workers/configuration/cron-triggers/#test-cron-triggers-locally[0m


[31mX [41;31m[[41;97mERROR[41;31m][0m [1mTypeError: Cannot read properties of undefined (reading 'fetch')[0m

      at serveStatic (file:///C:/Users/wevrw/Dev/ttx-operator-shell/.wrangler/tmp/dev-xlFGkV/index.js:11300:35)
      at Object.fetch (file:///C:/Users/wevrw/Dev/ttx-operator-shell/.wrangler/tmp/dev-xlFGkV/index.js:11064:16)
      at fetchDispatcher (file:///C:/Users/wevrw/Dev/ttx-operator-shell/.wrangler/tmp/dev-xlFGkV/index.js:15644:19)
      at __facade_invokeChain__ (file:///C:/Users/wevrw/Dev/ttx-operator-shell/.wrangler/tmp/dev-xlFGkV/index.js:15602:10)
      at Object.next (file:///C:/Users/wevrw/Dev/ttx-operator-shell/.wrangler/tmp/dev-xlFGkV/index.js:15599:14)
      at drainBody (file:///C:/Users/wevrw/Dev/ttx-operator-shell/.wrangler/tmp/dev-xlFGkV/index.js:15567:32)
      at __facade_invokeChain__ (file:///C:/Users/wevrw/Dev/ttx-operator-shell/.wrangler/tmp/dev-xlFGkV/index.js:15602:10)
      at __facade_invoke__ (file:///C:/Users/wevrw/Dev/ttx-operator-shell/.wrangler/tmp/dev-xlFGkV/index.js:15606:10)
      at Object.fetch (file:///C:/Users/wevrw/Dev/ttx-operator-shell/.wrangler/tmp/dev-xlFGkV/index.js:15660:14)


[31mX [41;31m[[41;97mERROR[41;31m][0m [1mTypeError: Cannot read properties of undefined (reading 'fetch')[0m

      at serveStatic (file:///C:/Users/wevrw/Dev/ttx-operator-shell/.wrangler/tmp/dev-xlFGkV/index.js:11300:35)
      at Object.fetch (file:///C:/Users/wevrw/Dev/ttx-operator-shell/.wrangler/tmp/dev-xlFGkV/index.js:11061:16)
      at fetchDispatcher (file:///C:/Users/wevrw/Dev/ttx-operator-shell/.wrangler/tmp/dev-xlFGkV/index.js:15644:19)
      at __facade_invokeChain__ (file:///C:/Users/wevrw/Dev/ttx-operator-shell/.wrangler/tmp/dev-xlFGkV/index.js:15602:10)
      at Object.next (file:///C:/Users/wevrw/Dev/ttx-operator-shell/.wrangler/tmp/dev-xlFGkV/index.js:15599:14)
      at drainBody (file:///C:/Users/wevrw/Dev/ttx-operator-shell/.wrangler/tmp/dev-xlFGkV/index.js:15567:32)
      at __facade_invokeChain__ (file:///C:/Users/wevrw/Dev/ttx-operator-shell/.wrangler/tmp/dev-xlFGkV/index.js:15602:10)
      at __facade_invoke__ (file:///C:/Users/wevrw/Dev/ttx-operator-shell/.wrangler/tmp/dev-xlFGkV/index.js:15606:10)
      at Object.fetch (file:///C:/Users/wevrw/Dev/ttx-operator-shell/.wrangler/tmp/dev-xlFGkV/index.js:15660:14)


[31mX [41;31m[[41;97mERROR[41;31m][0m [1mTypeError: Cannot read properties of undefined (reading 'fetch')[0m

      at serveStatic (file:///C:/Users/wevrw/Dev/ttx-operator-shell/.wrangler/tmp/dev-xlFGkV/index.js:11300:35)
      at Object.fetch (file:///C:/Users/wevrw/Dev/ttx-operator-shell/.wrangler/tmp/dev-xlFGkV/index.js:11058:16)
      at fetchDispatcher (file:///C:/Users/wevrw/Dev/ttx-operator-shell/.wrangler/tmp/dev-xlFGkV/index.js:15644:19)
      at __facade_invokeChain__ (file:///C:/Users/wevrw/Dev/ttx-operator-shell/.wrangler/tmp/dev-xlFGkV/index.js:15602:10)
      at Object.next (file:///C:/Users/wevrw/Dev/ttx-operator-shell/.wrangler/tmp/dev-xlFGkV/index.js:15599:14)
      at drainBody (file:///C:/Users/wevrw/Dev/ttx-operator-shell/.wrangler/tmp/dev-xlFGkV/index.js:15567:32)
      at __facade_invokeChain__ (file:///C:/Users/wevrw/Dev/ttx-operator-shell/.wrangler/tmp/dev-xlFGkV/index.js:15602:10)
      at __facade_invoke__ (file:///C:/Users/wevrw/Dev/ttx-operator-shell/.wrangler/tmp/dev-xlFGkV/index.js:15606:10)
      at Object.fetch (file:///C:/Users/wevrw/Dev/ttx-operator-shell/.wrangler/tmp/dev-xlFGkV/index.js:15660:14)


[31mX [41;31m[[41;97mERROR[41;31m][0m [1mTypeError: Cannot read properties of undefined (reading 'fetch')[0m

      at serveStatic (file:///C:/Users/wevrw/Dev/ttx-operator-shell/.wrangler/tmp/dev-xlFGkV/index.js:11300:35)
      at Object.fetch (file:///C:/Users/wevrw/Dev/ttx-operator-shell/.wrangler/tmp/dev-xlFGkV/index.js:11067:16)
      at fetchDispatcher (file:///C:/Users/wevrw/Dev/ttx-operator-shell/.wrangler/tmp/dev-xlFGkV/index.js:15644:19)
      at __facade_invokeChain__ (file:///C:/Users/wevrw/Dev/ttx-operator-shell/.wrangler/tmp/dev-xlFGkV/index.js:15602:10)
      at Object.next (file:///C:/Users/wevrw/Dev/ttx-operator-shell/.wrangler/tmp/dev-xlFGkV/index.js:15599:14)
      at drainBody (file:///C:/Users/wevrw/Dev/ttx-operator-shell/.wrangler/tmp/dev-xlFGkV/index.js:15567:32)
      at __facade_invokeChain__ (file:///C:/Users/wevrw/Dev/ttx-operator-shell/.wrangler/tmp/dev-xlFGkV/index.js:15602:10)
      at __facade_invoke__ (file:///C:/Users/wevrw/Dev/ttx-operator-shell/.wrangler/tmp/dev-xlFGkV/index.js:15606:10)
      at Object.fetch (file:///C:/Users/wevrw/Dev/ttx-operator-shell/.wrangler/tmp/dev-xlFGkV/index.js:15660:14)


[31mX [41;31m[[41;97mERROR[41;31m][0m [1mTypeError: Cannot read properties of undefined (reading 'fetch')[0m

      at serveStatic (file:///C:/Users/wevrw/Dev/ttx-operator-shell/.wrangler/tmp/dev-xlFGkV/index.js:11300:35)
      at Object.fetch (file:///C:/Users/wevrw/Dev/ttx-operator-shell/.wrangler/tmp/dev-xlFGkV/index.js:11070:16)
      at fetchDispatcher (file:///C:/Users/wevrw/Dev/ttx-operator-shell/.wrangler/tmp/dev-xlFGkV/index.js:15644:19)
      at __facade_invokeChain__ (file:///C:/Users/wevrw/Dev/ttx-operator-shell/.wrangler/tmp/dev-xlFGkV/index.js:15602:10)
      at Object.next (file:///C:/Users/wevrw/Dev/ttx-operator-shell/.wrangler/tmp/dev-xlFGkV/index.js:15599:14)
      at drainBody (file:///C:/Users/wevrw/Dev/ttx-operator-shell/.wrangler/tmp/dev-xlFGkV/index.js:15567:32)
      at __facade_invokeChain__ (file:///C:/Users/wevrw/Dev/ttx-operator-shell/.wrangler/tmp/dev-xlFGkV/index.js:15602:10)
      at __facade_invoke__ (file:///C:/Users/wevrw/Dev/ttx-operator-shell/.wrangler/tmp/dev-xlFGkV/index.js:15606:10)
      at Object.fetch (file:///C:/Users/wevrw/Dev/ttx-operator-shell/.wrangler/tmp/dev-xlFGkV/index.js:15660:14)


[31mX [41;31m[[41;97mERROR[41;31m][0m [1mBuild failed with 1 error:[0m

  [31mX [41;31m[[41;97mERROR[41;31m][0m [1mFailed to write to output file: open C:\Users\wevrw\Dev\ttx-operator-shell\.wrangler\tmp\dev-xlFGkV\index.js.map: The requested operation cannot be performed on a file with a user-mapped section open.[0m
  
  


[31mX [41;31m[[41;97mERROR[41;31m][0m [1mBuild failed with 1 error:[0m

  [31mX [41;31m[[41;97mERROR[41;31m][0m [1mCould not resolve "./doctrine/index.js"[0m
  
      worker/index.js:13:34:
  [37m      13 │ import handleDoctrineRequest from [32m"./doctrine/index.js"[37m;
           ╵                                   [32m~~~~~~~~~~~~~~~~~~~~~[0m
  
  


